#! /opt/homebrew/Cellar/icarus-verilog/12.0/bin/vvp
:ivl_version "12.0 (stable)";
:ivl_delay_selection "TYPICAL";
:vpi_time_precision - 12;
:vpi_module "/opt/homebrew/Cellar/icarus-verilog/12.0/lib/ivl/system.vpi";
:vpi_module "/opt/homebrew/Cellar/icarus-verilog/12.0/lib/ivl/vhdl_sys.vpi";
:vpi_module "/opt/homebrew/Cellar/icarus-verilog/12.0/lib/ivl/vhdl_textio.vpi";
:vpi_module "/opt/homebrew/Cellar/icarus-verilog/12.0/lib/ivl/v2005_math.vpi";
:vpi_module "/opt/homebrew/Cellar/icarus-verilog/12.0/lib/ivl/va_math.vpi";
:vpi_module "/opt/homebrew/Cellar/icarus-verilog/12.0/lib/ivl/v2009.vpi";
S_0x133e04170 .scope package, "$unit" "$unit" 2 1;
 .timescale 0 0;
S_0x133e04310 .scope module, "top_level" "top_level" 3 4;
 .timescale -9 -12;
    .port_info 0 /INPUT 1 "clk_100mhz";
    .port_info 1 /OUTPUT 16 "led";
    .port_info 2 /INPUT 8 "camera_d";
    .port_info 3 /OUTPUT 1 "cam_xclk";
    .port_info 4 /INPUT 1 "cam_hsync";
    .port_info 5 /INPUT 1 "cam_vsync";
    .port_info 6 /INPUT 1 "cam_pclk";
    .port_info 7 /INOUT 1 "i2c_scl";
    .port_info 8 /INOUT 1 "i2c_sda";
    .port_info 9 /INPUT 16 "sw";
    .port_info 10 /INPUT 4 "btn";
    .port_info 11 /OUTPUT 3 "rgb0";
    .port_info 12 /OUTPUT 3 "rgb1";
    .port_info 13 /OUTPUT 4 "ss0_an";
    .port_info 14 /OUTPUT 4 "ss1_an";
    .port_info 15 /OUTPUT 7 "ss0_c";
    .port_info 16 /OUTPUT 7 "ss1_c";
    .port_info 17 /OUTPUT 3 "hdmi_tx_p";
    .port_info 18 /OUTPUT 3 "hdmi_tx_n";
    .port_info 19 /OUTPUT 1 "hdmi_clk_p";
    .port_info 20 /OUTPUT 1 "hdmi_clk_n";
    .port_info 21 /INOUT 16 "ddr3_dq";
    .port_info 22 /INOUT 2 "ddr3_dqs_n";
    .port_info 23 /INOUT 2 "ddr3_dqs_p";
    .port_info 24 /OUTPUT 13 "ddr3_addr";
    .port_info 25 /OUTPUT 3 "ddr3_ba";
    .port_info 26 /OUTPUT 1 "ddr3_ras_n";
    .port_info 27 /OUTPUT 1 "ddr3_cas_n";
    .port_info 28 /OUTPUT 1 "ddr3_we_n";
    .port_info 29 /OUTPUT 1 "ddr3_reset_n";
    .port_info 30 /OUTPUT 1 "ddr3_ck_p";
    .port_info 31 /OUTPUT 1 "ddr3_ck_n";
    .port_info 32 /OUTPUT 1 "ddr3_cke";
    .port_info 33 /OUTPUT 2 "ddr3_dm";
    .port_info 34 /OUTPUT 1 "ddr3_odt";
L_0x123e17d30 .functor BUFZ 1, v0x123e154f0_0, C4<0>, C4<0>, C4<0>;
L_0x123e18020 .functor BUFZ 16, L_0x123e18130, C4<0000000000000000>, C4<0000000000000000>, C4<0000000000000000>;
L_0x123e18ca0 .functor BUFZ 7, v0x123e17310_0, C4<0000000>, C4<0000000>, C4<0000000>;
L_0x123e18d30 .functor BUFZ 7, v0x123e17310_0, C4<0000000>, C4<0000000>, C4<0000000>;
L_0x123e18b50 .functor BUFZ 24, v0x123e14960_0, C4<000000000000000000000000>, C4<000000000000000000000000>, C4<000000000000000000000000>;
L_0x123e19070 .functor BUFZ 8, v0x123e16d90_0, C4<00000000>, C4<00000000>, C4<00000000>;
L_0x1280400a0 .functor BUFT 1, C4<0010001001110111>, C4<0>, C4<0>, C4<0>;
v0x133e049f0_0 .net/2u *"_ivl_14", 15 0, L_0x1280400a0;  1 drivers
v0x123e14090_0 .net *"_ivl_21", 0 0, L_0x123e18360;  1 drivers
v0x123e14150_0 .net *"_ivl_23", 0 0, L_0x123e18420;  1 drivers
v0x123e14200_0 .net *"_ivl_25", 6 0, L_0x123e18560;  1 drivers
v0x123e142b0_0 .net *"_ivl_29", 0 0, L_0x123e187b0;  1 drivers
v0x123e143a0_0 .net *"_ivl_31", 0 0, L_0x123e18850;  1 drivers
v0x123e14440_0 .net *"_ivl_33", 6 0, L_0x123e18990;  1 drivers
L_0x128040178 .functor BUFT 1, C4<0>, C4<0>, C4<0>, C4<0>;
v0x123e144f0_0 .net/2s *"_ivl_56", 0 0, L_0x128040178;  1 drivers
v0x123e145a0_0 .net *"_ivl_61", 0 0, v0x123e158d0_0;  1 drivers
v0x123e146b0_0 .net *"_ivl_65", 0 0, v0x123e14c10_0;  1 drivers
L_0x1280401c0 .functor BUFT 1, C4<0000000000000>, C4<0>, C4<0>, C4<0>;
v0x123e14760_0 .net/2s *"_ivl_69", 12 0, L_0x1280401c0;  1 drivers
v0x123e14810_0 .var "active_draw_hdmi", 0 0;
v0x123e148b0_0 .net "bram_addr", 7 0, L_0x123e19070;  1 drivers
v0x123e14960_0 .var "bram_dout", 23 0;
o0x1280082b0 .functor BUFZ 4, C4<zzzz>; HiZ drive
v0x123e14a10_0 .net "btn", 3 0, o0x1280082b0;  0 drivers
o0x1280082e0 .functor BUFZ 1, C4<z>; HiZ drive
v0x123e14ac0_0 .net "cam_hsync", 0 0, o0x1280082e0;  0 drivers
v0x123e14b60 .array "cam_hsync_buf", 0 1, 0 0;
o0x128008310 .functor BUFZ 1, C4<z>; HiZ drive
v0x123e14cf0_0 .net "cam_pclk", 0 0, o0x128008310;  0 drivers
v0x123e14d80 .array "cam_pclk_buf", 0 1, 0 0;
o0x128008340 .functor BUFZ 1, C4<z>; HiZ drive
v0x123e14e10_0 .net "cam_vsync", 0 0, o0x128008340;  0 drivers
v0x123e14ea0 .array "cam_vsync_buf", 0 1, 0 0;
v0x123e14f30_0 .net "cam_xclk", 0 0, L_0x123e17d30;  1 drivers
o0x1280083a0 .functor BUFZ 8, C4<zzzzzzzz>; HiZ drive
v0x123e14fc0_0 .net "camera_d", 7 0, o0x1280083a0;  0 drivers
v0x123e15060 .array "camera_d_buf", 0 1, 7 0;
v0x123e15100_0 .net "cb", 7 0, L_0x123e18a30;  1 drivers
v0x123e151b0_0 .var "cb_full", 9 0;
v0x123e15260_0 .net "channel_sel", 2 0, L_0x123e18bc0;  1 drivers
o0x128008460 .functor BUFZ 1, C4<z>; HiZ drive
v0x123e15310_0 .net "clk_100mhz", 0 0, o0x128008460;  0 drivers
v0x123e153b0_0 .var "clk_camera", 0 0;
v0x123e15450_0 .var "clk_pixel", 0 0;
v0x123e154f0_0 .var "clk_xc", 0 0;
v0x123e15590_0 .net "cr", 7 0, L_0x123e18640;  1 drivers
v0x123e15640_0 .var "cr_full", 9 0;
v0x123e14c10_0 .var "cr_init_ready", 0 0;
v0x123e158d0_0 .var "cr_init_valid", 0 0;
o0x1280085e0 .functor BUFZ 13, C4<zzzzzzzzzzzzz>; HiZ drive
v0x123e15960_0 .net "ddr3_addr", 12 0, o0x1280085e0;  0 drivers
o0x128008610 .functor BUFZ 3, C4<zzz>; HiZ drive
v0x123e159f0_0 .net "ddr3_ba", 2 0, o0x128008610;  0 drivers
o0x128008640 .functor BUFZ 1, C4<z>; HiZ drive
v0x123e15a90_0 .net "ddr3_cas_n", 0 0, o0x128008640;  0 drivers
o0x128008670 .functor BUFZ 1, C4<z>; HiZ drive
v0x123e15b30_0 .net "ddr3_ck_n", 0 0, o0x128008670;  0 drivers
o0x1280086a0 .functor BUFZ 1, C4<z>; HiZ drive
v0x123e15bd0_0 .net "ddr3_ck_p", 0 0, o0x1280086a0;  0 drivers
o0x1280086d0 .functor BUFZ 1, C4<z>; HiZ drive
v0x123e15c70_0 .net "ddr3_cke", 0 0, o0x1280086d0;  0 drivers
o0x128008700 .functor BUFZ 2, C4<zz>; HiZ drive
v0x123e15d10_0 .net "ddr3_dm", 1 0, o0x128008700;  0 drivers
o0x128008730 .functor BUFZ 16, C4<zzzzzzzzzzzzzzzz>; HiZ drive
v0x123e15dc0_0 .net "ddr3_dq", 15 0, o0x128008730;  0 drivers
o0x128008760 .functor BUFZ 2, C4<zz>; HiZ drive
v0x123e15e70_0 .net "ddr3_dqs_n", 1 0, o0x128008760;  0 drivers
o0x128008790 .functor BUFZ 2, C4<zz>; HiZ drive
v0x123e15f20_0 .net "ddr3_dqs_p", 1 0, o0x128008790;  0 drivers
o0x1280087c0 .functor BUFZ 1, C4<z>; HiZ drive
v0x123e15fd0_0 .net "ddr3_odt", 0 0, o0x1280087c0;  0 drivers
o0x1280087f0 .functor BUFZ 1, C4<z>; HiZ drive
v0x123e16070_0 .net "ddr3_ras_n", 0 0, o0x1280087f0;  0 drivers
o0x128008820 .functor BUFZ 1, C4<z>; HiZ drive
v0x123e16110_0 .net "ddr3_reset_n", 0 0, o0x128008820;  0 drivers
o0x128008850 .functor BUFZ 1, C4<z>; HiZ drive
v0x123e161b0_0 .net "ddr3_we_n", 0 0, o0x128008850;  0 drivers
v0x123e16250_0 .net "display_choice", 1 0, L_0x123e18e00;  1 drivers
v0x123e16300_0 .var "fb_blue", 7 0;
v0x123e163b0_0 .var "fb_green", 7 0;
v0x123e16460_0 .var "fb_red", 7 0;
v0x123e16510_0 .net "frame_buff_dram", 15 0, L_0x123e18130;  1 drivers
v0x123e165c0_0 .net "frame_buff_raw", 15 0, L_0x123e18020;  1 drivers
v0x123e16670_0 .var "frame_buff_tdata", 15 0;
v0x123e16720_0 .var "frame_buff_tlast", 0 0;
v0x123e167c0_0 .var "frame_buff_tready", 0 0;
v0x123e16860_0 .var "frame_buff_tvalid", 0 0;
v0x123e16900_0 .var "hcount_hdmi", 10 0;
v0x123e169b0_0 .var "hdmi_clk_n", 0 0;
v0x123e16a50_0 .var "hdmi_clk_p", 0 0;
v0x123e16af0_0 .var "hdmi_tx_n", 2 0;
v0x123e16ba0_0 .var "hdmi_tx_p", 2 0;
o0x128008b50 .functor BUFZ 1, C4<z>; HiZ drive
v0x123e16c50_0 .net "i2c_scl", 0 0, o0x128008b50;  0 drivers
o0x128008b80 .functor BUFZ 1, C4<z>; HiZ drive
v0x123e156e0_0 .net "i2c_sda", 0 0, o0x128008b80;  0 drivers
v0x123e15780_0 .net "led", 15 0, L_0x123e192a0;  1 drivers
L_0x1280400e8 .functor BUFT 1, C4<00000000>, C4<0>, C4<0>, C4<0>;
v0x123e15830_0 .net "lower_threshold", 7 0, L_0x1280400e8;  1 drivers
v0x123e16cf0_0 .var "recent_reset", 0 0;
v0x123e16d90_0 .var "registers_addr", 7 0;
v0x123e16e40_0 .net "registers_dout", 23 0, L_0x123e18b50;  1 drivers
L_0x128040010 .functor BUFT 1, C4<000>, C4<0>, C4<0>, C4<0>;
v0x123e16ef0_0 .net "rgb0", 2 0, L_0x128040010;  1 drivers
L_0x128040058 .functor BUFT 1, C4<000>, C4<0>, C4<0>, C4<0>;
v0x123e16fa0_0 .net "rgb1", 2 0, L_0x128040058;  1 drivers
v0x123e17050_0 .var "ss0_an", 3 0;
v0x123e17100_0 .net "ss0_c", 6 0, L_0x123e18ca0;  1 drivers
v0x123e171b0_0 .var "ss1_an", 3 0;
v0x123e17260_0 .net "ss1_c", 6 0, L_0x123e18d30;  1 drivers
v0x123e17310_0 .var "ss_c", 6 0;
o0x128008df0 .functor BUFZ 16, C4<zzzzzzzzzzzzzzzz>; HiZ drive
v0x123e173c0_0 .net "sw", 15 0, o0x128008df0;  0 drivers
v0x123e17470_0 .net "sys_rst_camera", 0 0, L_0x123e17da0;  1 drivers
v0x123e17510_0 .net "sys_rst_migref", 0 0, L_0x123e17f60;  1 drivers
v0x123e175b0_0 .net "sys_rst_pixel", 0 0, L_0x123e17e60;  1 drivers
v0x123e17650_0 .net "target_choice", 1 0, L_0x123e18f60;  1 drivers
L_0x128040130 .functor BUFT 1, C4<01000000>, C4<0>, C4<0>, C4<0>;
v0x123e17700_0 .net "upper_threshold", 7 0, L_0x128040130;  1 drivers
v0x123e177b0_0 .var "vcount_hdmi", 9 0;
v0x123e17860_0 .net "y", 7 0, L_0x123e18250;  1 drivers
v0x123e17910_0 .var "y_full", 9 0;
E_0x133e04900 .event posedge, v0x123e153b0_0;
E_0x133e04940 .event posedge, v0x123e15450_0;
E_0x133e04990 .event anyedge, v0x123e14810_0, v0x123e16720_0, v0x123e16900_0, v0x123e177b0_0;
L_0x123e17da0 .part o0x1280082b0, 0, 1;
L_0x123e17e60 .part o0x1280082b0, 0, 1;
L_0x123e17f60 .part o0x1280082b0, 0, 1;
L_0x123e18130 .functor MUXZ 16, L_0x1280400a0, v0x123e16670_0, v0x123e16860_0, C4<>;
L_0x123e18250 .part v0x123e17910_0, 0, 8;
L_0x123e18360 .part v0x123e15640_0, 7, 1;
L_0x123e18420 .reduce/nor L_0x123e18360;
L_0x123e18560 .part v0x123e15640_0, 0, 7;
L_0x123e18640 .concat [ 7 1 0 0], L_0x123e18560, L_0x123e18420;
L_0x123e187b0 .part v0x123e151b0_0, 7, 1;
L_0x123e18850 .reduce/nor L_0x123e187b0;
L_0x123e18990 .part v0x123e151b0_0, 0, 7;
L_0x123e18a30 .concat [ 7 1 0 0], L_0x123e18990, L_0x123e18850;
L_0x123e18bc0 .part o0x128008df0, 1, 3;
L_0x123e18e00 .part o0x128008df0, 4, 2;
L_0x123e18f60 .part o0x128008df0, 6, 2;
L_0x123e192a0 .concat8 [ 1 1 1 13], L_0x128040178, v0x123e158d0_0, v0x123e14c10_0, L_0x1280401c0;
    .scope S_0x133e04310;
T_0 ;
    %wait E_0x133e04900;
    %load/vec4 v0x123e14fc0_0;
    %ix/load 3, 1, 0;
    %flag_set/imm 4, 0;
    %ix/load 4, 0, 0; Constant delay
    %assign/vec4/a/d v0x123e15060, 0, 4;
    %ix/load 4, 1, 0;
    %flag_set/imm 4, 0;
    %load/vec4a v0x123e15060, 4;
    %ix/load 3, 0, 0;
    %flag_set/imm 4, 0;
    %ix/load 4, 0, 0; Constant delay
    %assign/vec4/a/d v0x123e15060, 0, 4;
    %load/vec4 v0x123e14cf0_0;
    %ix/load 3, 1, 0;
    %flag_set/imm 4, 0;
    %ix/load 4, 0, 0; Constant delay
    %assign/vec4/a/d v0x123e14d80, 0, 4;
    %ix/load 4, 1, 0;
    %flag_set/imm 4, 0;
    %load/vec4a v0x123e14d80, 4;
    %ix/load 3, 0, 0;
    %flag_set/imm 4, 0;
    %ix/load 4, 0, 0; Constant delay
    %assign/vec4/a/d v0x123e14d80, 0, 4;
    %load/vec4 v0x123e14ac0_0;
    %ix/load 3, 1, 0;
    %flag_set/imm 4, 0;
    %ix/load 4, 0, 0; Constant delay
    %assign/vec4/a/d v0x123e14b60, 0, 4;
    %ix/load 4, 1, 0;
    %flag_set/imm 4, 0;
    %load/vec4a v0x123e14b60, 4;
    %ix/load 3, 0, 0;
    %flag_set/imm 4, 0;
    %ix/load 4, 0, 0; Constant delay
    %assign/vec4/a/d v0x123e14b60, 0, 4;
    %load/vec4 v0x123e14e10_0;
    %ix/load 3, 1, 0;
    %flag_set/imm 4, 0;
    %ix/load 4, 0, 0; Constant delay
    %assign/vec4/a/d v0x123e14ea0, 0, 4;
    %ix/load 4, 1, 0;
    %flag_set/imm 4, 0;
    %load/vec4a v0x123e14ea0, 4;
    %ix/load 3, 0, 0;
    %flag_set/imm 4, 0;
    %ix/load 4, 0, 0; Constant delay
    %assign/vec4/a/d v0x123e14ea0, 0, 4;
    %jmp T_0;
    .thread T_0;
    .scope S_0x133e04310;
T_1 ;
Ewait_0 .event/or E_0x133e04990, E_0x0;
    %wait Ewait_0;
    %load/vec4 v0x123e14810_0;
    %flag_set/vec4 8;
    %jmp/0xz  T_1.0, 8;
    %load/vec4 v0x123e16720_0;
    %flag_set/vec4 9;
    %flag_get/vec4 9;
    %jmp/0 T_1.4, 9;
    %load/vec4 v0x123e16900_0;
    %pad/u 32;
    %cmpi/ne 1279, 0, 32;
    %flag_get/vec4 4;
    %jmp/1 T_1.5, 4;
    %load/vec4 v0x123e177b0_0;
    %pad/u 32;
    %pushi/vec4 719, 0, 32;
    %cmp/ne;
    %flag_get/vec4 4;
    %or;
T_1.5;
    %and;
T_1.4;
    %flag_set/vec4 8;
    %jmp/0xz  T_1.2, 8;
    %pushi/vec4 0, 0, 1;
    %store/vec4 v0x123e167c0_0, 0, 1;
    %jmp T_1.3;
T_1.2 ;
    %pushi/vec4 1, 0, 1;
    %store/vec4 v0x123e167c0_0, 0, 1;
T_1.3 ;
    %jmp T_1.1;
T_1.0 ;
    %pushi/vec4 0, 0, 1;
    %store/vec4 v0x123e167c0_0, 0, 1;
T_1.1 ;
    %jmp T_1;
    .thread T_1, $push;
    .scope S_0x133e04310;
T_2 ;
    %wait E_0x133e04940;
    %load/vec4 v0x123e165c0_0;
    %parti/s 5, 11, 5;
    %concati/vec4 0, 0, 3;
    %assign/vec4 v0x123e16460_0, 0;
    %load/vec4 v0x123e165c0_0;
    %parti/s 6, 5, 4;
    %concati/vec4 0, 0, 2;
    %assign/vec4 v0x123e163b0_0, 0;
    %load/vec4 v0x123e165c0_0;
    %parti/s 5, 0, 2;
    %concati/vec4 0, 0, 3;
    %assign/vec4 v0x123e16300_0, 0;
    %jmp T_2;
    .thread T_2;
    .scope S_0x133e04310;
T_3 ;
    %wait E_0x133e04900;
    %load/vec4 v0x123e17470_0;
    %flag_set/vec4 8;
    %jmp/0xz  T_3.0, 8;
    %pushi/vec4 1, 0, 1;
    %assign/vec4 v0x123e16cf0_0, 0;
    %pushi/vec4 0, 0, 1;
    %assign/vec4 v0x123e158d0_0, 0;
    %jmp T_3.1;
T_3.0 ;
    %load/vec4 v0x123e16cf0_0;
    %flag_set/vec4 8;
    %jmp/0xz  T_3.2, 8;
    %pushi/vec4 1, 0, 1;
    %assign/vec4 v0x123e158d0_0, 0;
    %pushi/vec4 0, 0, 1;
    %assign/vec4 v0x123e16cf0_0, 0;
    %jmp T_3.3;
T_3.2 ;
    %load/vec4 v0x123e158d0_0;
    %flag_set/vec4 9;
    %flag_get/vec4 9;
    %jmp/0 T_3.6, 9;
    %load/vec4 v0x123e14c10_0;
    %and;
T_3.6;
    %flag_set/vec4 8;
    %jmp/0xz  T_3.4, 8;
    %pushi/vec4 0, 0, 1;
    %assign/vec4 v0x123e158d0_0, 0;
T_3.4 ;
T_3.3 ;
T_3.1 ;
    %jmp T_3;
    .thread T_3;
# The file index is used to find the file name in the following table.
:file_names 4;
    "N/A";
    "<interactive>";
    "-";
    "top_level.sv";
