Copyright 1986-2022 Xilinx, Inc. All Rights Reserved. Copyright 2022-2024 Advanced Micro Devices, Inc. All Rights Reserved.
---------------------------------------------------------------------------------------------------------------------------------------------
| Tool Version : Vivado v.2024.1 (lin64) Build 5076996 Wed May 22 18:36:09 MDT 2024
| Date         : Thu Nov  7 16:22:07 2024
| Host         : eecs-digital-29 running 64-bit Ubuntu 24.04.1 LTS
| Command      : report_timing -file obj/post_route_timing.rpt
| Design       : top_level
| Device       : 7s50-csga324
| Speed File   : -1  PRODUCTION 1.23 2018-06-13
| Design State : Routed
---------------------------------------------------------------------------------------------------------------------------------------------

Timing Report

Slack (MET) :             0.556ns  (required time - arrival time)
  Source:                 crw/sccb_c/FSM_onehot_state_reg_reg[9]/C
                            (rising edge-triggered cell FDRE clocked by clk_camera_cw_fast  {rise@0.000ns fall@2.500ns period=5.000ns})
  Destination:            crw/sccb_c/sda_o_reg_reg/CE
                            (rising edge-triggered cell FDSE clocked by clk_camera_cw_fast  {rise@0.000ns fall@2.500ns period=5.000ns})
  Path Group:             clk_camera_cw_fast
  Path Type:              Setup (Max at Slow Process Corner)
  Requirement:            5.000ns  (clk_camera_cw_fast rise@5.000ns - clk_camera_cw_fast rise@0.000ns)
  Data Path Delay:        4.172ns  (logic 0.952ns (22.819%)  route 3.220ns (77.181%))
  Logic Levels:           4  (LUT2=2 LUT6=2)
  Clock Path Skew:        -0.036ns (DCD - SCD + CPR)
    Destination Clock Delay (DCD):    -2.035ns = ( 2.965 - 5.000 ) 
    Source Clock Delay      (SCD):    -2.427ns
    Clock Pessimism Removal (CPR):    -0.428ns
  Clock Uncertainty:      0.067ns  ((TSJ^2 + DJ^2)^1/2) / 2 + PE
    Total System Jitter     (TSJ):    0.071ns
    Discrete Jitter          (DJ):    0.113ns
    Phase Error              (PE):    0.000ns

    Location             Delay type                Incr(ns)  Path(ns)    Netlist Resource(s)
  -------------------------------------------------------------------    -------------------
                         (clock clk_camera_cw_fast rise edge)
                                                      0.000     0.000 r  
    N15                                               0.000     0.000 r  clk_100mhz (IN)
                         net (fo=0)                   0.000     0.000    wizard_migcam/clk_100mhz
    N15                  IBUF (Prop_ibuf_I_O)         1.440     1.440 r  wizard_migcam/clkin1_ibufg/O
                         net (fo=1, routed)           1.253     2.693    wizard_migcam/clk_in1_cw_fast
    PLLE2_ADV_X0Y0       PLLE2_ADV (Prop_plle2_adv_CLKIN1_CLKOUT2)
                                                     -8.486    -5.792 r  wizard_migcam/plle2_adv_inst/CLKOUT2
                         net (fo=1, routed)           1.660    -4.132    wizard_migcam/clk_camera_cw_fast
    BUFGCTRL_X0Y5        BUFG (Prop_bufg_I_O)         0.096    -4.036 r  wizard_migcam/clkout3_buf/O
                         net (fo=519, routed)         1.609    -2.427    crw/sccb_c/clk_camera
    SLICE_X5Y71          FDRE                                         r  crw/sccb_c/FSM_onehot_state_reg_reg[9]/C
  -------------------------------------------------------------------    -------------------
    SLICE_X5Y71          FDRE (Prop_fdre_C_Q)         0.456    -1.971 r  crw/sccb_c/FSM_onehot_state_reg_reg[9]/Q
                         net (fo=14, routed)          0.900    -1.071    crw/sccb_c/FSM_onehot_state_reg_reg_n_0_[9]
    SLICE_X4Y71          LUT2 (Prop_lut2_I0_O)        0.124    -0.947 f  crw/sccb_c/FSM_sequential_phy_state_reg[3]_i_9/O
                         net (fo=2, routed)           0.758    -0.190    crw/sccb_c/FSM_sequential_phy_state_reg[3]_i_9_n_0
    SLICE_X2Y70          LUT6 (Prop_lut6_I3_O)        0.124    -0.066 r  crw/sccb_c/FSM_sequential_phy_state_reg[3]_i_4/O
                         net (fo=3, routed)           0.592     0.527    crw/sccb_c/FSM_sequential_phy_state_reg[3]_i_4_n_0
    SLICE_X0Y69          LUT2 (Prop_lut2_I0_O)        0.124     0.651 r  crw/sccb_c/sda_o_reg_i_3/O
                         net (fo=2, routed)           0.591     1.242    crw/sccb_c/sda_o_reg_i_3_n_0
    SLICE_X2Y72          LUT6 (Prop_lut6_I5_O)        0.124     1.366 r  crw/sccb_c/sda_o_reg_i_1/O
                         net (fo=1, routed)           0.379     1.745    crw/sccb_c/sda_o_next11_out
    SLICE_X2Y72          FDSE                                         r  crw/sccb_c/sda_o_reg_reg/CE
  -------------------------------------------------------------------    -------------------

                         (clock clk_camera_cw_fast rise edge)
                                                      5.000     5.000 r  
    N15                                               0.000     5.000 r  clk_100mhz (IN)
                         net (fo=0)                   0.000     5.000    wizard_migcam/clk_100mhz
    N15                  IBUF (Prop_ibuf_I_O)         1.370     6.370 r  wizard_migcam/clkin1_ibufg/O
                         net (fo=1, routed)           1.181     7.551    wizard_migcam/clk_in1_cw_fast
    PLLE2_ADV_X0Y0       PLLE2_ADV (Prop_plle2_adv_CLKIN1_CLKOUT2)
                                                     -7.753    -0.202 r  wizard_migcam/plle2_adv_inst/CLKOUT2
                         net (fo=1, routed)           1.582     1.380    wizard_migcam/clk_camera_cw_fast
    BUFGCTRL_X0Y5        BUFG (Prop_bufg_I_O)         0.091     1.471 r  wizard_migcam/clkout3_buf/O
                         net (fo=519, routed)         1.495     2.965    crw/sccb_c/clk_camera
    SLICE_X2Y72          FDSE                                         r  crw/sccb_c/sda_o_reg_reg/C
                         clock pessimism             -0.428     2.537    
                         clock uncertainty           -0.067     2.470    
    SLICE_X2Y72          FDSE (Setup_fdse_C_CE)      -0.169     2.301    crw/sccb_c/sda_o_reg_reg
  -------------------------------------------------------------------
                         required time                          2.301    
                         arrival time                          -1.745    
  -------------------------------------------------------------------
                         slack                                  0.556    




